c:\my\linux\mkr_linux\websockets\w_websockets\release\w_websockets.pdb
c:\my\linux\mkr_linux\websockets\w_websockets\release\ssl.obj
c:\my\linux\mkr_linux\websockets\w_websockets\release\sha-1.obj
c:\my\linux\mkr_linux\websockets\w_websockets\release\service.obj
c:\my\linux\mkr_linux\websockets\w_websockets\release\server.obj
c:\my\linux\mkr_linux\websockets\w_websockets\release\server-handshake.obj
c:\my\linux\mkr_linux\websockets\w_websockets\release\pollfd.obj
c:\my\linux\mkr_linux\websockets\w_websockets\release\parsers.obj
c:\my\linux\mkr_linux\websockets\w_websockets\release\output.obj
c:\my\linux\mkr_linux\websockets\w_websockets\release\lws-plat-win.obj
c:\my\linux\mkr_linux\websockets\w_websockets\release\libwebsockets.obj
c:\my\linux\mkr_linux\websockets\w_websockets\release\header.obj
c:\my\linux\mkr_linux\websockets\w_websockets\release\handshake.obj
c:\my\linux\mkr_linux\websockets\w_websockets\release\context.obj
c:\my\linux\mkr_linux\websockets\w_websockets\release\base64-decode.obj
c:\my\linux\mkr_linux\websockets\w_websockets\release\alloc.obj
c:\my\linux\mkr_linux\release\w_websockets.lib
c:\my\linux\mkr_linux\websockets\w_websockets\release\w_websockets.tlog\cl.command.1.tlog
c:\my\linux\mkr_linux\websockets\w_websockets\release\w_websockets.tlog\cl.read.1.tlog
c:\my\linux\mkr_linux\websockets\w_websockets\release\w_websockets.tlog\cl.write.1.tlog
c:\my\linux\mkr_linux\websockets\w_websockets\release\w_websockets.tlog\lib-link.write.1.tlog
c:\my\linux\mkr_linux\websockets\w_websockets\release\w_websockets.tlog\lib.command.1.tlog
c:\my\linux\mkr_linux\websockets\w_websockets\release\w_websockets.tlog\lib.read.1.tlog
