c:\my\linux\mkr_linux\mkr_geocoding\obj\x64\release\156071638.compileuptodatefile.tlog
c:\my\linux\mkr_linux\mkr_geocoding\obj\x64\release\156071638.linkuptodatefile.tlog
c:\my\uc\uclinux\mkr_linux\mkr_geocoding\obj\x64\release\-523306310.compileuptodatefile.tlog
c:\my\uc\uclinux\mkr_linux\mkr_geocoding\obj\x64\release\-523306310.copysourcesuptodatefile.tlog
c:\my\uc\uclinux\mkr_linux\mkr_geocoding\obj\x64\release\-523306310.linkuptodatefile.tlog
c:\my\uc\uclinux\mkr_linux\mkr_geocoding\obj\x64\release\-523306310.local_remote_pathmapping.tlog
c:\my\uc\uclinux\mkr_linux\mkr_geocoding\obj\x64\release\-523306310.remoteprojectdirfile.tlog
c:\my\uc\uclinux\mkr_linux\mkr_geocoding\obj\x64\release\156071638.compileuptodatefile.tlog
c:\my\uc\uclinux\mkr_linux\mkr_geocoding\obj\x64\release\156071638.copysourcesuptodatefile.tlog
c:\my\uc\uclinux\mkr_linux\mkr_geocoding\obj\x64\release\156071638.linkuptodatefile.tlog
c:\my\uc\uclinux\mkr_linux\mkr_geocoding\obj\x64\release\156071638.local_remote_pathmapping.tlog
c:\my\uc\uclinux\mkr_linux\mkr_geocoding\obj\x64\release\156071638.remoteprojectdirfile.tlog
c:\my\uc\uclinux\mkr_linux\mkr_geocoding\obj\x64\release\2123555603.compileuptodatefile.tlog
c:\my\uc\uclinux\mkr_linux\mkr_geocoding\obj\x64\release\2123555603.copysourcesuptodatefile.tlog
c:\my\uc\uclinux\mkr_linux\mkr_geocoding\obj\x64\release\2123555603.local_remote_pathmapping.tlog
c:\my\uc\uclinux\mkr_linux\mkr_geocoding\obj\x64\release\2123555603.remoteprojectdirfile.tlog
c:\my\uc\uclinux\mkr_linux\mkr_geocoding\obj\x64\release\lastremotetarget.tlog
c:\my\uc\uclinux\mkr_linux\mkr_geocoding\bin\x64\release\libmkr_geocoding.a
c:\my\uc\uclinux\mkr_linux\mkr_geocoding\obj\x64\release\mkr_geocoding.tlog\compile.read.1.tlog
c:\my\uc\uclinux\mkr_linux\mkr_geocoding\obj\x64\release\mkr_geocoding.tlog\compile.write.1.tlog
c:\my\uc\uclinux\mkr_linux\mkr_geocoding\obj\x64\release\mkr_geocoding.tlog\lib.write.1.tlog
